INFO:apscheduler.threadpool:Started thread pool with 0 core threads and 20 maximum threads
DEBUG:root:start maketask schedule func running:
INFO:apscheduler.scheduler:Scheduler started
DEBUG:apscheduler.scheduler:Looking for jobs to run
DEBUG:apscheduler.scheduler:No jobs; waiting until a job is added
INFO:root:Shutting down thread pool
INFO:apscheduler.threadpool:Started thread pool with 0 core threads and 20 maximum threads
INFO:apscheduler.scheduler:Scheduler started
DEBUG:apscheduler.scheduler:Looking for jobs to run
DEBUG:apscheduler.scheduler:No jobs; waiting until a job is added
DEBUG:root:start maketask schedule func running:
INFO:root:Shutting down thread pool
INFO:apscheduler.threadpool:Started thread pool with 0 core threads and 20 maximum threads
INFO:apscheduler.scheduler:Scheduler started
DEBUG:apscheduler.scheduler:Looking for jobs to run
DEBUG:apscheduler.scheduler:No jobs; waiting until a job is added
DEBUG:root:start maketask schedule func running:
DEBUG:amqp:Start from server, version: 0.9, properties: {u'information': u'Licensed under the MPL.  See http://www.rabbitmq.com/', u'product': u'RabbitMQ', u'copyright': u'Copyright (C) 2007-2013 VMware, Inc.', u'capabilities': {u'exchange_exchange_bindings': True, u'consumer_cancel_notify': True, u'publisher_confirms': True, u'basic.nack': True}, u'platform': u'Erlang/OTP', u'version': u'3.1.1'}, mechanisms: [u'PLAIN', u'AMQPLAIN'], locales: [u'en_US']
DEBUG:amqp:Open OK!
DEBUG:amqp:using channel_id: 1
DEBUG:amqp:Channel open
DEBUG:root:exception at adding scrapejob:
INFO:root:Shutting down thread pool
INFO:apscheduler.threadpool:Started thread pool with 0 core threads and 20 maximum threads
DEBUG:root:start maketask schedule func running:
INFO:apscheduler.scheduler:Scheduler started
DEBUG:apscheduler.scheduler:Looking for jobs to run
DEBUG:apscheduler.scheduler:No jobs; waiting until a job is added
DEBUG:amqp:Start from server, version: 0.9, properties: {u'information': u'Licensed under the MPL.  See http://www.rabbitmq.com/', u'product': u'RabbitMQ', u'copyright': u'Copyright (C) 2007-2013 VMware, Inc.', u'capabilities': {u'exchange_exchange_bindings': True, u'consumer_cancel_notify': True, u'publisher_confirms': True, u'basic.nack': True}, u'platform': u'Erlang/OTP', u'version': u'3.1.1'}, mechanisms: [u'PLAIN', u'AMQPLAIN'], locales: [u'en_US']
DEBUG:amqp:Open OK!
DEBUG:amqp:using channel_id: 1
DEBUG:amqp:Channel open
INFO:apscheduler.scheduler:Added job "ScheduleManager.startMakingTaskSch (trigger: interval[-1 day, 23:59:59], next run at: 2013-06-25 03:09:44.361036)" to job store "default"
DEBUG:apscheduler.scheduler:Looking for jobs to run
DEBUG:root:end schedule scrape func running:
INFO:root:Shutting down thread pool
INFO:apscheduler.threadpool:Started thread pool with 0 core threads and 20 maximum threads
INFO:apscheduler.scheduler:Scheduler started
DEBUG:apscheduler.scheduler:Looking for jobs to run
DEBUG:root:start maketask schedule func running:
DEBUG:apscheduler.scheduler:No jobs; waiting until a job is added
DEBUG:amqp:Start from server, version: 0.9, properties: {u'information': u'Licensed under the MPL.  See http://www.rabbitmq.com/', u'product': u'RabbitMQ', u'copyright': u'Copyright (C) 2007-2013 VMware, Inc.', u'capabilities': {u'exchange_exchange_bindings': True, u'consumer_cancel_notify': True, u'publisher_confirms': True, u'basic.nack': True}, u'platform': u'Erlang/OTP', u'version': u'3.1.1'}, mechanisms: [u'PLAIN', u'AMQPLAIN'], locales: [u'en_US']
DEBUG:amqp:Open OK!
DEBUG:amqp:using channel_id: 1
DEBUG:amqp:Channel open
INFO:apscheduler.threadpool:Started thread pool with 0 core threads and 20 maximum threads
INFO:apscheduler.scheduler:Scheduler started
INFO:apscheduler.scheduler:Added job "ScheduleManager.startMakingTaskSch (trigger: interval[-1 day, 23:59:59], next run at: 2013-06-25 03:14:24.075121)" to job store "default"
DEBUG:apscheduler.scheduler:Looking for jobs to run
DEBUG:apscheduler.scheduler:Looking for jobs to run
DEBUG:root:end schedule scrape func running:
DEBUG:apscheduler.scheduler:No jobs; waiting until a job is added
INFO:root:Shutting down thread pool
INFO:root:Shutting down thread pool
INFO:apscheduler.threadpool:Started thread pool with 0 core threads and 20 maximum threads
INFO:apscheduler.scheduler:Scheduler started
DEBUG:apscheduler.scheduler:Looking for jobs to run
DEBUG:apscheduler.scheduler:No jobs; waiting until a job is added
DEBUG:root:start maketask schedule func running:
DEBUG:amqp:Start from server, version: 0.9, properties: {u'information': u'Licensed under the MPL.  See http://www.rabbitmq.com/', u'product': u'RabbitMQ', u'copyright': u'Copyright (C) 2007-2013 VMware, Inc.', u'capabilities': {u'exchange_exchange_bindings': True, u'consumer_cancel_notify': True, u'publisher_confirms': True, u'basic.nack': True}, u'platform': u'Erlang/OTP', u'version': u'3.1.1'}, mechanisms: [u'PLAIN', u'AMQPLAIN'], locales: [u'en_US']
DEBUG:amqp:Open OK!
DEBUG:amqp:using channel_id: 1
DEBUG:amqp:Channel open
INFO:root:Shutting down thread pool
INFO:apscheduler.threadpool:Started thread pool with 0 core threads and 20 maximum threads
INFO:apscheduler.scheduler:Scheduler started
DEBUG:apscheduler.scheduler:Looking for jobs to run
DEBUG:apscheduler.scheduler:No jobs; waiting until a job is added
DEBUG:root:start maketask schedule func running:
DEBUG:amqp:Start from server, version: 0.9, properties: {u'information': u'Licensed under the MPL.  See http://www.rabbitmq.com/', u'product': u'RabbitMQ', u'copyright': u'Copyright (C) 2007-2013 VMware, Inc.', u'capabilities': {u'exchange_exchange_bindings': True, u'consumer_cancel_notify': True, u'publisher_confirms': True, u'basic.nack': True}, u'platform': u'Erlang/OTP', u'version': u'3.1.1'}, mechanisms: [u'PLAIN', u'AMQPLAIN'], locales: [u'en_US']
DEBUG:amqp:Open OK!
DEBUG:amqp:using channel_id: 1
DEBUG:amqp:Channel open
INFO:apscheduler.threadpool:Started thread pool with 0 core threads and 20 maximum threads
INFO:apscheduler.scheduler:Scheduler started
INFO:apscheduler.scheduler:Added job "ScheduleManager.startMakingTaskSch (trigger: interval[-1 day, 23:59:59], next run at: 2013-06-25 03:20:00.795281)" to job store "default"
DEBUG:apscheduler.scheduler:Looking for jobs to run
DEBUG:apscheduler.scheduler:Looking for jobs to run
DEBUG:root:end schedule scrape func running:
INFO:root:Shutting down thread pool
INFO:root:Shutting down thread pool
DEBUG:apscheduler.scheduler:No jobs; waiting until a job is added
INFO:apscheduler.threadpool:Started thread pool with 0 core threads and 20 maximum threads
INFO:apscheduler.scheduler:Scheduler started
DEBUG:root:start maketask schedule func running:
DEBUG:apscheduler.scheduler:Looking for jobs to run
DEBUG:apscheduler.scheduler:No jobs; waiting until a job is added
DEBUG:amqp:Start from server, version: 0.9, properties: {u'information': u'Licensed under the MPL.  See http://www.rabbitmq.com/', u'product': u'RabbitMQ', u'copyright': u'Copyright (C) 2007-2013 VMware, Inc.', u'capabilities': {u'exchange_exchange_bindings': True, u'consumer_cancel_notify': True, u'publisher_confirms': True, u'basic.nack': True}, u'platform': u'Erlang/OTP', u'version': u'3.1.1'}, mechanisms: [u'PLAIN', u'AMQPLAIN'], locales: [u'en_US']
DEBUG:amqp:Open OK!
DEBUG:amqp:using channel_id: 1
DEBUG:amqp:Channel open
INFO:apscheduler.threadpool:Started thread pool with 0 core threads and 20 maximum threads
INFO:apscheduler.scheduler:Scheduler started
INFO:apscheduler.scheduler:Added job "ScheduleManager.startMakingTaskSch (trigger: interval[1:07:25], next run at: 2013-06-25 04:29:42.512657)" to job store "default"
DEBUG:apscheduler.scheduler:Looking for jobs to run
DEBUG:apscheduler.scheduler:Next wakeup is due at 2013-06-25 04:29:42.512657 (in 4044.998697 seconds)
DEBUG:root:end schedule scrape func running:
DEBUG:apscheduler.scheduler:Looking for jobs to run
INFO:root:Shutting down thread pool
DEBUG:apscheduler.scheduler:No jobs; waiting until a job is added
INFO:root:Shutting down thread pool
